2023-12-13T15:45:41.8074312-06:00	INFO	[MovieRepository.Services.MainService]	[0]	Listing movies from database
2023-12-14T11:32:42.9119687-06:00	INFO	[MovieRepository.Services.MainService]	[0]	Loading menu options
2023-12-14T11:33:02.8061615-06:00	INFO	[MovieRepository.Services.MainService]	[0]	Loading menu options
2023-12-14T11:39:23.3182196-06:00	INFO	[MovieRepository.Services.MainService]	[0]	Loading menu options
2023-12-14T11:39:27.1614483-06:00	INFO	[MovieRepository.Services.MainService]	[0]	Movie Added To Database
2023-12-14T11:39:45.4832972-06:00	INFO	[MovieRepository.Services.MainService]	[0]	Loading menu options
2023-12-14T12:01:42.2459392-06:00	INFO	[MovieRepository.Services.MainService]	[0]	Loading menu options
2023-12-14T12:01:50.3795178-06:00	INFO	[MovieRepository.Services.MainService]	[0]	Movie Added To Database
2023-12-14T12:35:05.6769385-06:00	INFO	[MovieRepository.Services.MainService]	[0]	Loading menu options
2023-12-14T12:36:18.4307790-06:00	INFO	[MovieRepository.Services.MainService]	[0]	Loading menu options
2023-12-14T12:36:39.2439134-06:00	INFO	[MovieRepository.Services.MainService]	[0]	Movie Added To Database
2023-12-14T12:36:39.2439763-06:00	INFO	[MovieRepository.Services.MainService]	[0]	Loading menu options
2023-12-14T12:40:47.1533025-06:00	INFO	[MovieRepository.Services.MainService]	[0]	Loading menu options
2023-12-14T12:42:22.3344273-06:00	INFO	[MovieRepository.Services.MainService]	[0]	Loading menu options
2023-12-14T12:44:52.6472833-06:00	INFO	[MovieRepository.Services.MainService]	[0]	Loading menu options
2023-12-14T12:45:12.0781823-06:00	INFO	[MovieRepository.Services.MainService]	[0]	Movie Added To Database
2023-12-14T12:45:12.0782454-06:00	INFO	[MovieRepository.Services.MainService]	[0]	Loading menu options
2023-12-14T16:45:04.3428726-06:00	INFO	[MovieRepository.Services.MainService]	[0]	Loading menu options
2023-12-14T16:47:15.0686894-06:00	INFO	[MovieRepository.Services.MainService]	[0]	Loading menu options
2023-12-14T17:25:25.6316306-06:00	INFO	[MovieRepository.Services.MainService]	[0]	Loading menu options
2023-12-14T17:25:47.2390807-06:00	INFO	[MovieRepository.Services.MainService]	[0]	Loading menu options
2023-12-14T17:41:13.1681280-06:00	INFO	[MovieRepository.Services.MainService]	[0]	Loading menu options
2023-12-14T17:41:41.7622737-06:00	INFO	[MovieRepository.Services.MainService]	[0]	Movie Added To Database
2023-12-14T17:41:41.7623545-06:00	INFO	[MovieRepository.Services.MainService]	[0]	Loading menu options
2023-12-14T17:43:43.5280559-06:00	INFO	[MovieRepository.Services.MainService]	[0]	Loading menu options
2023-12-14T17:45:35.2444920-06:00	INFO	[MovieRepository.Services.MainService]	[0]	Loading menu options
2023-12-14T17:51:50.8911581-06:00	INFO	[MovieRepository.Services.MainService]	[0]	Loading menu options
2023-12-14T17:54:14.8988469-06:00	INFO	[MovieRepository.Services.MainService]	[0]	Loading menu options
2023-12-14T17:59:50.4350333-06:00	INFO	[MovieRepository.Services.MainService]	[0]	Loading menu options
2023-12-14T18:14:38.2552137-06:00	INFO	[MovieRepository.Services.MainService]	[0]	Loading menu options
2023-12-14T18:25:04.0304727-06:00	INFO	[MovieRepository.Services.MainService]	[0]	Loading menu options
2023-12-14T20:56:18.3367755-06:00	INFO	[MovieRepository.Services.MainService]	[0]	Loading menu options
2023-12-14T21:36:57.5923891-06:00	INFO	[MovieRepository.Services.MainService]	[0]	Loading menu options
2023-12-14T21:39:40.8559245-06:00	INFO	[MovieRepository.Services.MainService]	[0]	Loading menu options
2023-12-14T21:39:53.0879897-06:00	INFO	[MovieRepository.Services.MainService]	[0]	Loading menu options
2023-12-14T21:39:58.2378862-06:00	INFO	[MovieRepository.Services.MainService]	[0]	Loading movies
2023-12-14T21:39:59.8875447-06:00	INFO	[MovieRepository.Services.MainService]	[0]	Loading menu options
2023-12-14T21:47:14.0352999-06:00	INFO	[MovieRepository.Services.MainService]	[0]	Loading menu options
2023-12-14T21:47:18.3797633-06:00	INFO	[MovieRepository.Services.MainService]	[0]	Searching Database...
2023-12-14T21:47:20.7377540-06:00	INFO	[MovieRepository.Services.MainService]	[0]	Loading menu options
2023-12-14T21:54:12.9611283-06:00	INFO	[MovieRepository.Services.MainService]	[0]	Loading menu options
2023-12-14T22:12:13.8374781-06:00	INFO	[MovieRepository.Services.MainService]	[0]	Loading menu options
2023-12-14T22:24:26.6251183-06:00	INFO	[MovieRepository.Services.MainService]	[0]	Loading menu options
2023-12-14T22:24:36.6266176-06:00	INFO	[MovieRepository.Services.MainService]	[0]	Loading menu options
2023-12-14T22:27:15.1088031-06:00	INFO	[MovieRepository.Services.MainService]	[0]	Loading menu options
2023-12-14T22:28:25.7174362-06:00	INFO	[MovieRepository.Services.MainService]	[0]	Movie Added To Database
2023-12-14T22:28:25.7174803-06:00	INFO	[MovieRepository.Services.MainService]	[0]	Loading menu options
2023-12-14T22:28:29.4114291-06:00	INFO	[MovieRepository.Services.MainService]	[0]	Closing Application...
2023-12-14T22:28:35.7148882-06:00	INFO	[MovieRepository.Services.MainService]	[0]	Loading menu options
2023-12-14T22:28:52.0359499-06:00	INFO	[MovieRepository.Services.MainService]	[0]	Searching Database...
2023-12-14T22:28:54.1198507-06:00	INFO	[MovieRepository.Services.MainService]	[0]	Loading menu options
2023-12-14T22:29:01.7476985-06:00	INFO	[MovieRepository.Services.MainService]	[0]	Loading movies
2023-12-14T22:29:01.9099013-06:00	INFO	[MovieRepository.Services.MainService]	[0]	Loading menu options
2023-12-14T22:37:34.4494635-06:00	INFO	[MovieRepository.Services.MainService]	[0]	Loading menu options
2023-12-14T22:39:31.1442368-06:00	INFO	[MovieRepository.Services.MainService]	[0]	Loading menu options
2023-12-14T22:39:35.1123447-06:00	INFO	[MovieRepository.Services.MainService]	[0]	Loading movies
2023-12-14T22:39:36.8819906-06:00	INFO	[MovieRepository.Services.MainService]	[0]	Loading menu options
2023-12-15T11:05:53.1918910-06:00	INFO	[MovieRepository.Services.MainService]	[0]	Loading menu options
2023-12-15T11:31:39.3934350-06:00	INFO	[MovieRepository.Services.MainService]	[0]	Loading menu options
2023-12-15T11:33:46.5712705-06:00	INFO	[MovieRepository.Services.MainService]	[0]	Loading menu options
2023-12-15T13:21:00.3594375-06:00	INFO	[MovieRepository.Services.MainService]	[0]	
Displaying Occupations
2023-12-15T13:24:11.8694362-06:00	INFO	[MovieRepository.Services.MainService]	[0]	Loading menu options
2023-12-15T14:02:13.2801327-06:00	INFO	[MovieRepository.Services.MainService]	[0]	User Added
2023-12-15T14:06:16.6662291-06:00	INFO	[MovieRepository.Services.MainService]	[0]	User Added
2023-12-15T15:06:41.7130755-06:00	INFO	[MovieRepository.Services.MainService]	[0]	Loading Main Menu...
2023-12-15T15:33:17.4653958-06:00	INFO	[MovieRepository.Services.MainService]	[0]	Loading Main Menu...
2023-12-15T15:33:20.2147593-06:00	INFO	[MovieRepository.Services.MainService]	[0]	Loading Ratings Page
2023-12-15T15:35:48.7893544-06:00	INFO	[MovieRepository.Services.MainService]	[0]	Loading Main Menu...
2023-12-15T15:36:12.7048029-06:00	INFO	[MovieRepository.Services.MainService]	[0]	Loading Main Menu...
2023-12-15T16:09:37.7141929-06:00	INFO	[MovieRepository.Services.MainService]	[0]	Loading Main Menu...
2023-12-15T16:11:34.5542531-06:00	INFO	[MovieRepository.Services.MainService]	[0]	Loading Main Menu...
2023-12-15T16:13:28.4402086-06:00	INFO	[MovieRepository.Services.MainService]	[0]	Loading Main Menu...
2023-12-15T16:13:49.5570281-06:00	INFO	[MovieRepository.Services.MainService]	[0]	Loading Main Menu...
2023-12-15T16:14:15.4036024-06:00	INFO	[MovieRepository.Services.MainService]	[0]	User Added
2023-12-15T16:17:28.6861057-06:00	INFO	[MovieRepository.Services.MainService]	[0]	Loading Main Menu...
2023-12-15T16:18:49.4857667-06:00	INFO	[MovieRepository.Services.MainService]	[0]	Loading Main Menu...
2023-12-15T16:19:22.2882649-06:00	INFO	[MovieRepository.Services.MainService]	[0]	User Added
2023-12-15T16:25:49.3289955-06:00	INFO	[MovieRepository.Services.MainService]	[0]	Loading Main Menu...
2023-12-15T16:36:50.9292868-06:00	INFO	[MovieRepository.Services.MainService]	[0]	Loading Main Menu...
2023-12-15T16:37:24.0131371-06:00	INFO	[MovieRepository.Services.MainService]	[0]	Loading Main Menu...
2023-12-15T16:38:02.7248852-06:00	INFO	[MovieRepository.Services.MainService]	[0]	Loading Main Menu...
2023-12-15T19:21:54.6390105-06:00	INFO	[MovieRepository.Services.MainService]	[0]	Loading Main Menu...
2023-12-15T19:22:18.5602726-06:00	INFO	[MovieRepository.Services.MainService]	[0]	User Added
2023-12-15T19:24:48.6207182-06:00	INFO	[MovieRepository.Services.MainService]	[0]	Loading Main Menu...
2023-12-15T19:25:34.4162900-06:00	INFO	[MovieRepository.Services.MainService]	[0]	User Added
2023-12-15T19:27:02.7273623-06:00	INFO	[MovieRepository.Services.MainService]	[0]	Loading Main Menu...
2023-12-15T19:27:45.8527824-06:00	INFO	[MovieRepository.Services.MainService]	[0]	Loading Main Menu...
2023-12-15T19:36:41.6547172-06:00	INFO	[MovieRepository.Services.MainService]	[0]	Loading Main Menu...
2023-12-15T19:38:29.0595724-06:00	INFO	[MovieRepository.Services.MainService]	[0]	Loading Main Menu...
2023-12-15T19:40:42.1943850-06:00	INFO	[MovieRepository.Services.MainService]	[0]	Loading Main Menu...
2023-12-15T19:40:48.0963744-06:00	INFO	[MovieRepository.Services.MainService]	[0]	Invalid User Entry
2023-12-15T19:40:57.3233189-06:00	INFO	[MovieRepository.Services.MainService]	[0]	Loading Main Menu...
2023-12-15T19:41:28.2463109-06:00	INFO	[MovieRepository.Services.MainService]	[0]	User Added
2023-12-15T19:42:21.0847894-06:00	INFO	[MovieRepository.Services.MainService]	[0]	Loading Main Menu...
2023-12-15T19:42:35.0201912-06:00	INFO	[MovieRepository.Services.MainService]	[0]	Loading Main Menu...
2023-12-15T19:44:18.3944364-06:00	INFO	[MovieRepository.Services.MainService]	[0]	Loading Main Menu...
2023-12-15T19:51:43.6551282-06:00	INFO	[MovieRepository.Services.MainService]	[0]	Loading Main Menu...
2023-12-15T19:53:21.4514637-06:00	INFO	[MovieRepository.Services.MainService]	[0]	Loading Main Menu...
2023-12-15T19:56:58.1320340-06:00	INFO	[MovieRepository.Services.MainService]	[0]	Loading Main Menu...
2023-12-15T19:57:18.3477122-06:00	INFO	[MovieRepository.Services.MainService]	[0]	Loading Move Library Menu...
2023-12-15T19:57:24.9536629-06:00	INFO	[MovieRepository.Services.MainService]	[0]	Searching Database...
2023-12-15T19:57:43.7930819-06:00	INFO	[MovieRepository.Services.MainService]	[0]	Loading movies
2023-12-15T20:00:07.9928583-06:00	INFO	[MovieRepository.Services.MainService]	[0]	Loading Main Menu...
2023-12-15T20:00:11.9929518-06:00	INFO	[MovieRepository.Services.MainService]	[0]	Loading Move Library Menu...
2023-12-15T20:00:51.5782500-06:00	INFO	[MovieRepository.Services.MainService]	[0]	Movie Updated
2023-12-15T20:00:51.5782892-06:00	INFO	[MovieRepository.Services.MainService]	[0]	
Reccord Eddited
2023-12-15T20:02:56.2048010-06:00	INFO	[MovieRepository.Services.MainService]	[0]	Loading Main Menu...
2023-12-15T20:02:58.3658542-06:00	INFO	[MovieRepository.Services.MainService]	[0]	Loading Move Library Menu...
2023-12-15T20:03:31.6767080-06:00	INFO	[MovieRepository.Services.MainService]	[0]	Movie Updated
2023-12-15T20:03:31.6767268-06:00	INFO	[MovieRepository.Services.MainService]	[0]	
Reccord Eddited
2023-12-15T20:04:01.3447453-06:00	INFO	[MovieRepository.Services.MainService]	[0]	Movie Updated
2023-12-15T20:04:01.3447894-06:00	INFO	[MovieRepository.Services.MainService]	[0]	
Reccord Eddited
2023-12-15T20:04:04.2796230-06:00	INFO	[MovieRepository.Services.MainService]	[0]	Closing Application...
